<?xml version="1.0" encoding="UTF-8"?>
<!-- Generated by org.testng.reporters.JUnitReportReporter -->
<testsuite hostname="Queen" failures="0" tests="5" name="testNg_practical.Day2" time="0.004" errors="0" timestamp="2024-06-29T19:37:31 IST" skipped="0">
  <testcase classname="testNg_practical.Day2" name="Noddy" time="0.001"/>
  <system-out/>
  <testcase classname="testNg_practical.Day2" name="doggykeeper" time="0.000"/>
  <system-out/>
  <testcase classname="testNg_practical.Day2" name="doggykeeper" time="0.001"/>
  <system-out/>
  <testcase classname="testNg_practical.Day2" name="doggykeeper" time="0.001"/>
  <system-out/>
  <testcase classname="testNg_practical.Day2" name="oswald" time="0.001"/>
  <system-out/>
</testsuite> <!-- testNg_practical.Day2 -->
