<?xml version="1.0" encoding="UTF-8"?>
<!-- Generated by org.testng.reporters.JUnitReportReporter -->
<testsuite hostname="Queen" failures="0" tests="3" name="testNg_practical.Day4" time="0.002" errors="0" timestamp="2024-06-29T19:37:31 IST" skipped="1">
  <testcase classname="testNg_practical.Day4" name="Mobilelogincarloan" time="0.001"/>
  <system-out/>
  <testcase classname="testNg_practical.Day4" name="weblogincarloan" time="0.001"/>
  <system-out/>
  <testcase classname="testNg_practical.Day4" name="LoginApicarloan">
    <skipped/>
  </testcase> <!-- LoginApicarloan -->
  <system-out/>
</testsuite> <!-- testNg_practical.Day4 -->
