<?xml version="1.0" encoding="UTF-8"?>
<!-- Generated by org.testng.reporters.JUnitReportReporter -->
<testsuite hostname="Queen" failures="0" tests="2" name="stream.Java_stream1" time="0.012" errors="0" timestamp="2024-06-30T20:04:44 IST" skipped="0">
  <testcase classname="stream.Java_stream1" name="regular" time="0.009"/>
  <system-out/>
  <testcase classname="stream.Java_stream1" name="streamfilter" time="0.003"/>
  <system-out/>
</testsuite> <!-- stream.Java_stream1 -->
