<?xml version="1.0" encoding="UTF-8"?>
<!-- Generated by org.testng.reporters.JUnitReportReporter -->
<testsuite hostname="Queen" failures="0" tests="3" name="testNg_practical.Day3" time="0.004" errors="0" timestamp="2024-06-29T19:37:31 IST" skipped="0">
  <testcase classname="testNg_practical.Day3" name="tweety" time="0.003"/>
  <system-out/>
  <testcase classname="testNg_practical.Day3" name="horridhenry" time="0.000"/>
  <system-out/>
  <testcase classname="testNg_practical.Day3" name="dexter" time="0.001"/>
  <system-out/>
</testsuite> <!-- testNg_practical.Day3 -->
